00:30 네.까지 → (ASR雜訊,刪除)
[新譯名] cue 15: 《嘮嘮叨叨》
[新譯名] cue 25: 《LEMONADE》
01:27 해하셨던 → 하셨던
[新譯名] cue 68: 賢容
02:16 영석 선비 뭉개보이라고 → 영석 선배 뭉개버리라고
02:45 재미나이 → 제미나이
03:10 P피드 → PD
03:34 미래라고 한 봐 → 미래라고 봐
05:33 재미나이 → 제미나이
[新譯名] cue 159: 《花樣男子》
06:21 센로그 → 셋로그
[新譯名] cue 171: Setlog
07:23 천지인디인데요 → 천지인 피디인데요
[新譯名] cue 205: 《花樣男子》
[新譯名] cue 213: Rocket Puncher
07:55 오랑실 → 오락실
07:59 해 드게요 → 해 드릴게요
[新譯名] cue 229: Rina
08:25 프로겠다고 → 프로 하겠다고
08:34 꼬마워 → 고마워
[新譯名] cue 247: 《喋喋不休》
09:04 면허 좀 받으러 가는 게요.까 → 면허증 받으러 가는 길이에요
09:16 운전 때 → 운전대
09:17 안 다리지 → 안달이지
09:19 침다와요 → 근질근질해요(依en推測)
09:49 일박일 → 1박 2일
10:11 어린나 → 어 카리나
10:27 전국을 찔렀다 → 정곡을 찔렀다
10:32 재미나 → 제미나이
11:02 기회감 → 기획안
11:03 재미나이 → 제미나이
11:11 좋아하는 → 초안도(依英文字幕)
11:12 재미나이 → 제미나이
11:39 방하세요 → 반가워서요
11:56 보여서 → 모여서
12:27 소술 → 소설
12:34 카리 나인 내가이 → 카리나인 내가 이
[新譯名] cue 366: 《嘮嘮叨叨》
12:48 2살에 → 21살에
12:51 기다 → (ASR嚴重缺漏,依英文字幕翻譯)
13:09 칼이 나를 → 카리나를
13:32 여러분이한 → 여러분이 한번
13:38 S8 → 에스파
[新譯名] cue 399: Naevis
13:50 안치려고 → 앉히려고
14:49 오셨습니까님 → 오셨습니까
15:08 나노바나고요 → 나노 바나나고요
[新譯名] cue 440: Nano Banana
15:11 맥갈라 말고 몇돌 갈라 기회관 → 멧갈라 말고 맷돌 갈라 기획안
15:13 천진인 → 천지인
15:21 재미나이 → 제미나이
15:29 맥갈라 대비 → 멧갈라 데뷔
15:32 시위성 → 시의성
15:44 재민이가 → 제미나이가
15:52 콩수 → 콩국수
16:01 몇돌로 → 맷돌로
17:40 레드카페 → 레드카펫
17:44 포토이 받았 → 포토월
17:52 이팅 → 파이팅
18:00 감도님 → 감독님
18:29 몇돌 → 맷돌
18:49 이럽시다 → 일합시다
[新譯名] cue 537: 裴藝珍
18:54 버찌가 볼래요 → 픽스 캠 볼래요(推測)
19:01 프로를 → 풀을
19:06 몇돌 → 맷돌
[新譯名] cue 551: 池昌奎
[新譯名] cue 565: 文多松
[新譯名] cue 567: 石磨Chance
19:55 인간 몇돌 → 인간 맷돌
19:58 메퀴즈 → 맷퀴즈
[新譯名] cue 570: 石磨QUIZ
20:00 인간 매돌 → 인간 맷돌
20:04 오는 온 카리 나는 → 카리나는
20:31 야 배달 레드스가 알았어 → 야 계단에 레드카펫 깔았어(依英譯校正)
[新譯名] cue 588: 李明漢
20:54 몇돌 갈라 → 맷돌 갈라
20:59 맥갈라 → 멧갈라
21:02 잡지 4장 → 잡지 편집장(依英譯校正)
21:02 안나 윈트어 → 안나 윈투어
[新譯名] cue 606: 安娜溫圖
21:13 몇돌갈라 → 맷돌갈라
21:18 이명안 → 이명한
21:27 몇돌지 → 맷돌질
21:33 몇돌 → 맷돌
[新譯名] cue 617: 李明漢
21:59 재미나이 → 제미나이
22:01 형상 → 평상
22:03 몇돌 → 맷돌
22:03 포토얼 → 포토월
22:12 몇돌 → 맷돌
22:16 매트갈라 → 멧갈라
22:42 콩수 → 콩국수
23:20 포크 → 페이크
[新譯名] cue 678: 具熙靈
[新譯名] cue 678: 柳賢鍾
[新譯名] cue 679: 文東浩
[新譯名] cue 680: 孔秀浩
[新譯名] cue 681: 池雄培
[新譯名] cue 683: 正杓
[新譯名] cue 722: 李恩潔
[新譯名] cue 722: Antenna
25:31 대뷔 → 데뷔
[新譯名] cue 737: 恩潔
26:15 라비스 → 나이비스
[新譯名] cue 751: Naevis
[新譯名] cue 762: 周成
26:36 총을 이어서를 → 총 리허설을 이어서
26:49 리어서 → 리허설
[新譯名] cue 779: 京熙
[新譯名] cue 782: 柳京熙
27:16 전장님들 → 선생님들
27:44 드로란 큐 → 들어오란 큐
[新譯名] cue 804: Karyuna
[新譯名] cue 804: 金博士
28:02 아이스 아메리카노전이에요 → 아이스 아메리카노 두 잔이요
28:43 주민실 거 → 지민 씨 거
29:02 됐게 → ASR無法辨識,依en「I'll park (the car)」翻譯
29:04 푸스 오브 소울 → 포트 오브 소울(Port of Soul)
[新譯名] cue 844: Port of Soul
29:08 레어설 → 리허설
[新譯名] cue 856: 正杓
29:27 카이나 → 카리나
29:50 아, 잘 하. 아. → (ASR缺漏,依en補) 반갑습니다, 카리나입니다
30:21 채널 15 → 채널 십오야
30:23 전모 점모야 → 영점오야
[新譯名] cue 889: 《0.5夜》
30:30 제이가 → 제의가
30:34 천진피디 → 천지인 피디
30:54 존지인피디 → 천지인 피디
30:58 존진입니다 → 천지인입니다
31:09 갑층 → 4층
31:19 필요한어서 → 필요한 거라서
31:38 등장해 주시면 알겠습니다 → 등장해 주시면 되겠습니다
31:55 무릎 꿇고 앉아될 미션 공개 → 무릎 꿇고 앉아야 될 것 같아(ASR 訛誤,依 en)
31:57 메를 갈면서 → 맷돌을 갈면서
32:07 재미 아이한테 → 제미나이한테
32:10 콩곡수 → 콩국수
32:48 피님 → 천 피디님
33:12 안 먹어도/먹어야지 → 안 넣어도/넣어야지
33:32 우리가 생각했던 건 훨씬 좋네요 → 우리가 생각했던 것보다 훨씬 좋네요
34:19 몇도 → 맷돌
34:50 주인이 → 지인이
35:20 재미나이 → 제미나이
35:35 맥갈라 → 멧갈라
35:37 몇 돌 갈라 → 맷돌 갈라
35:46 손우피디님들 → 피디님들(依英文字幕)
[新譯名] cue 1051: 多松
36:27 급삐 → 극비
36:56 다소이 → 다솜이
37:33 이명 한 → 이명한
[新譯名] cue 1108: 李明漢
38:06 강현시 → (ASR亂碼 依en譯)
38:13 엘션 → 리액션
38:16 학동력 → 학동역
[新譯名] cue 1130: 鶴洞站
[新譯名] cue 1134: 正杓
[新譯名] cue 1146: Live室
39:08 근데 다 하세요. 뭐지? → 감독님은 다 아세요?(依 en 校正)
39:26 이틀 시카고 → 멕시코 이틀
39:35 대결을 들 수고 있는데 → 대결을 하고 있는데
39:45 괜난짓했다가 → 괜한 짓 했다가
39:55 님을 집벌다고 → 님을 짓밟겠다고
40:01 큰났네 → 큰일 났네
40:22 영광을 받아서 → 영감을 받아서
41:32 리모 → 리무진(Carnival 車型)
[新譯名] cue 1249: Carnival
42:15 맨날 늦자 → 맨날 늦잖아
42:32 레너 출근했었어 → (한 달) 내내 출근했었어
42:32 퉁따지 같은 소리 → 뚱딴지같은 소리
42:45 일쪽으로 → 이쪽으로
42:55 유지님 → 유지민
43:02 주민실 거 → 지민 씨 거
43:04 주민실뿐이잖아 → 지민 씨 폰이잖아
44:15 쓰님 → 사장님(ASR 雜訊)
45:15 피아로 → 따라(ASR)
45:22 지음에 → 즈음에
46:14 아까 제가 알바생 → 아까 걔 알바생
46:30 카이라 → 카리나
47:02 수고하습니다 → 수고하셨습니다
47:24 진짜 싶지 않아 웃음이 → 진짜 웃고 싶지 않은데 웃음이
47:35 도미은 아니에요 → 사이비는 아니에요
47:46 방대피디 → 막내피디
47:49 고생하습니다 → 고생하셨습니다
48:02 몇 년 피디 → 25년 피디
48:15 모입도 → 몰입도
48:47 고장했어 → 고생했어
48:58 장을 → 적응을
49:05 고생하겠습니다 → 고생하셨습니다
49:08 배원님들 → 배우님들
49:29 하습니다 → 수고하셨습니다
49:33 고생하겠습니다 → 고생하셨습니다
49:55 몇도 → 맷돌
[新譯名] cue 1521: 尹俊緯
[新譯名] cue 1534: 柳惠貞
[新譯名] cue 1536: 鄭埻夏
[新譯名] cue 1536: 朴明秀
